<?xml version="1.0" encoding="UTF-8"?>
<testsuite xmlns:xsi="http://www.w3.org/2001/XMLSchema-instance" xsi:noNamespaceSchemaLocation="https://maven.apache.org/surefire/maven-surefire-plugin/xsd/surefire-test-report.xsd" version="3.0.2" name="org.csystem.image.OpenCVUtilRotateTest" time="0.001" tests="1" errors="0" skipped="1" failures="0">
  <properties>
[...]
</properties>
  <testcase name="givenValues_whenSourceAndDestinationPaths_ThenRotate90Degrees" classname="org.csystem.image.OpenCVUtilRotateTest" time="0.0">
    <skipped message="class org.csystem.image.OpenCVUtilRotateTest is @Disabled"/>
  </testcase>
</testsuite>