<?xml version="1.0" encoding="UTF-8"?>
<testsuite xmlns:xsi="http://www.w3.org/2001/XMLSchema-instance" xsi:noNamespaceSchemaLocation="https://maven.apache.org/surefire/maven-surefire-plugin/xsd/surefire-test-report-3.0.xsd" version="3.0" name="org.csystem.kotlin.util.NumberUtilIsPrimeTest" time="0.011" tests="6" errors="0" skipped="0" failures="0">
  <properties>
[...]
</properties>
  <testcase name="givenValue_whenLongNUmber_returnsPrimeStatus[0]" classname="org.csystem.kotlin.util.NumberUtilIsPrimeTest" time="0.006"/>
  <testcase name="givenValue_whenLongNUmber_returnsPrimeStatus[1]" classname="org.csystem.kotlin.util.NumberUtilIsPrimeTest" time="0.0"/>
  <testcase name="givenValue_whenLongNUmber_returnsPrimeStatus[2]" classname="org.csystem.kotlin.util.NumberUtilIsPrimeTest" time="0.0"/>
  <testcase name="givenValue_whenLongNUmber_returnsPrimeStatus[3]" classname="org.csystem.kotlin.util.NumberUtilIsPrimeTest" time="0.0"/>
  <testcase name="givenValue_whenLongNUmber_returnsPrimeStatus[4]" classname="org.csystem.kotlin.util.NumberUtilIsPrimeTest" time="0.0"/>
  <testcase name="givenValue_whenLongNUmber_returnsPrimeStatus[5]" classname="org.csystem.kotlin.util.NumberUtilIsPrimeTest" time="0.0"/>
</testsuite>