<?xml version="1.0" encoding="UTF-8"?>
<testsuite xmlns:xsi="http://www.w3.org/2001/XMLSchema-instance" xsi:noNamespaceSchemaLocation="https://maven.apache.org/surefire/maven-surefire-plugin/xsd/surefire-test-report-3.0.xsd" version="3.0" name="org.csystem.kotlin.util.StringUtilRandomTextTRTest" time="0.013" tests="100" errors="0" skipped="100" failures="0">
  <properties>
[...]
</properties>
  <testcase name="givenValue_whenCount_thenReturnsRandomTurkishText[0]" classname="org.csystem.kotlin.util.StringUtilRandomTextTRTest" time="0.0">
    <skipped message="checkText not yet implemented"/>
  </testcase>
  <testcase name="givenValue_whenCount_thenReturnsRandomTurkishText[1]" classname="org.csystem.kotlin.util.StringUtilRandomTextTRTest" time="0.0">
    <skipped message="checkText not yet implemented"/>
  </testcase>
  <testcase name="givenValue_whenCount_thenReturnsRandomTurkishText[2]" classname="org.csystem.kotlin.util.StringUtilRandomTextTRTest" time="0.0">
    <skipped message="checkText not yet implemented"/>
  </testcase>
  <testcase name="givenValue_whenCount_thenReturnsRandomTurkishText[3]" classname="org.csystem.kotlin.util.StringUtilRandomTextTRTest" time="0.0">
    <skipped message="checkText not yet implemented"/>
  </testcase>
  <testcase name="givenValue_whenCount_thenReturnsRandomTurkishText[4]" classname="org.csystem.kotlin.util.StringUtilRandomTextTRTest" time="0.0">
    <skipped message="checkText not yet implemented"/>
  </testcase>
  <testcase name="givenValue_whenCount_thenReturnsRandomTurkishText[5]" classname="org.csystem.kotlin.util.StringUtilRandomTextTRTest" time="0.0">
    <skipped message="checkText not yet implemented"/>
  </testcase>
  <testcase name="givenValue_whenCount_thenReturnsRandomTurkishText[6]" classname="org.csystem.kotlin.util.StringUtilRandomTextTRTest" time="0.0">
    <skipped message="checkText not yet implemented"/>
  </testcase>
  <testcase name="givenValue_whenCount_thenReturnsRandomTurkishText[7]" classname="org.csystem.kotlin.util.StringUtilRandomTextTRTest" time="0.0">
    <skipped message="checkText not yet implemented"/>
  </testcase>
  <testcase name="givenValue_whenCount_thenReturnsRandomTurkishText[8]" classname="org.csystem.kotlin.util.StringUtilRandomTextTRTest" time="0.0">
    <skipped message="checkText not yet implemented"/>
  </testcase>
  <testcase name="givenValue_whenCount_thenReturnsRandomTurkishText[9]" classname="org.csystem.kotlin.util.StringUtilRandomTextTRTest" time="0.0">
    <skipped message="checkText not yet implemented"/>
  </testcase>
  <testcase name="givenValue_whenCount_thenReturnsRandomTurkishText[10]" classname="org.csystem.kotlin.util.StringUtilRandomTextTRTest" time="0.0">
    <skipped message="checkText not yet implemented"/>
  </testcase>
  <testcase name="givenValue_whenCount_thenReturnsRandomTurkishText[11]" classname="org.csystem.kotlin.util.StringUtilRandomTextTRTest" time="0.0">
    <skipped message="checkText not yet implemented"/>
  </testcase>
  <testcase name="givenValue_whenCount_thenReturnsRandomTurkishText[12]" classname="org.csystem.kotlin.util.StringUtilRandomTextTRTest" time="0.0">
    <skipped message="checkText not yet implemented"/>
  </testcase>
  <testcase name="givenValue_whenCount_thenReturnsRandomTurkishText[13]" classname="org.csystem.kotlin.util.StringUtilRandomTextTRTest" time="0.0">
    <skipped message="checkText not yet implemented"/>
  </testcase>
  <testcase name="givenValue_whenCount_thenReturnsRandomTurkishText[14]" classname="org.csystem.kotlin.util.StringUtilRandomTextTRTest" time="0.0">
    <skipped message="checkText not yet implemented"/>
  </testcase>
  <testcase name="givenValue_whenCount_thenReturnsRandomTurkishText[15]" classname="org.csystem.kotlin.util.StringUtilRandomTextTRTest" time="0.0">
    <skipped message="checkText not yet implemented"/>
  </testcase>
  <testcase name="givenValue_whenCount_thenReturnsRandomTurkishText[16]" classname="org.csystem.kotlin.util.StringUtilRandomTextTRTest" time="0.0">
    <skipped message="checkText not yet implemented"/>
  </testcase>
  <testcase name="givenValue_whenCount_thenReturnsRandomTurkishText[17]" classname="org.csystem.kotlin.util.StringUtilRandomTextTRTest" time="0.0">
    <skipped message="checkText not yet implemented"/>
  </testcase>
  <testcase name="givenValue_whenCount_thenReturnsRandomTurkishText[18]" classname="org.csystem.kotlin.util.StringUtilRandomTextTRTest" time="0.0">
    <skipped message="checkText not yet implemented"/>
  </testcase>
  <testcase name="givenValue_whenCount_thenReturnsRandomTurkishText[19]" classname="org.csystem.kotlin.util.StringUtilRandomTextTRTest" time="0.0">
    <skipped message="checkText not yet implemented"/>
  </testcase>
  <testcase name="givenValue_whenCount_thenReturnsRandomTurkishText[20]" classname="org.csystem.kotlin.util.StringUtilRandomTextTRTest" time="0.0">
    <skipped message="checkText not yet implemented"/>
  </testcase>
  <testcase name="givenValue_whenCount_thenReturnsRandomTurkishText[21]" classname="org.csystem.kotlin.util.StringUtilRandomTextTRTest" time="0.0">
    <skipped message="checkText not yet implemented"/>
  </testcase>
  <testcase name="givenValue_whenCount_thenReturnsRandomTurkishText[22]" classname="org.csystem.kotlin.util.StringUtilRandomTextTRTest" time="0.0">
    <skipped message="checkText not yet implemented"/>
  </testcase>
  <testcase name="givenValue_whenCount_thenReturnsRandomTurkishText[23]" classname="org.csystem.kotlin.util.StringUtilRandomTextTRTest" time="0.0">
    <skipped message="checkText not yet implemented"/>
  </testcase>
  <testcase name="givenValue_whenCount_thenReturnsRandomTurkishText[24]" classname="org.csystem.kotlin.util.StringUtilRandomTextTRTest" time="0.0">
    <skipped message="checkText not yet implemented"/>
  </testcase>
  <testcase name="givenValue_whenCount_thenReturnsRandomTurkishText[25]" classname="org.csystem.kotlin.util.StringUtilRandomTextTRTest" time="0.0">
    <skipped message="checkText not yet implemented"/>
  </testcase>
  <testcase name="givenValue_whenCount_thenReturnsRandomTurkishText[26]" classname="org.csystem.kotlin.util.StringUtilRandomTextTRTest" time="0.0">
    <skipped message="checkText not yet implemented"/>
  </testcase>
  <testcase name="givenValue_whenCount_thenReturnsRandomTurkishText[27]" classname="org.csystem.kotlin.util.StringUtilRandomTextTRTest" time="0.0">
    <skipped message="checkText not yet implemented"/>
  </testcase>
  <testcase name="givenValue_whenCount_thenReturnsRandomTurkishText[28]" classname="org.csystem.kotlin.util.StringUtilRandomTextTRTest" time="0.0">
    <skipped message="checkText not yet implemented"/>
  </testcase>
  <testcase name="givenValue_whenCount_thenReturnsRandomTurkishText[29]" classname="org.csystem.kotlin.util.StringUtilRandomTextTRTest" time="0.0">
    <skipped message="checkText not yet implemented"/>
  </testcase>
  <testcase name="givenValue_whenCount_thenReturnsRandomTurkishText[30]" classname="org.csystem.kotlin.util.StringUtilRandomTextTRTest" time="0.0">
    <skipped message="checkText not yet implemented"/>
  </testcase>
  <testcase name="givenValue_whenCount_thenReturnsRandomTurkishText[31]" classname="org.csystem.kotlin.util.StringUtilRandomTextTRTest" time="0.0">
    <skipped message="checkText not yet implemented"/>
  </testcase>
  <testcase name="givenValue_whenCount_thenReturnsRandomTurkishText[32]" classname="org.csystem.kotlin.util.StringUtilRandomTextTRTest" time="0.0">
    <skipped message="checkText not yet implemented"/>
  </testcase>
  <testcase name="givenValue_whenCount_thenReturnsRandomTurkishText[33]" classname="org.csystem.kotlin.util.StringUtilRandomTextTRTest" time="0.0">
    <skipped message="checkText not yet implemented"/>
  </testcase>
  <testcase name="givenValue_whenCount_thenReturnsRandomTurkishText[34]" classname="org.csystem.kotlin.util.StringUtilRandomTextTRTest" time="0.0">
    <skipped message="checkText not yet implemented"/>
  </testcase>
  <testcase name="givenValue_whenCount_thenReturnsRandomTurkishText[35]" classname="org.csystem.kotlin.util.StringUtilRandomTextTRTest" time="0.0">
    <skipped message="checkText not yet implemented"/>
  </testcase>
  <testcase name="givenValue_whenCount_thenReturnsRandomTurkishText[36]" classname="org.csystem.kotlin.util.StringUtilRandomTextTRTest" time="0.0">
    <skipped message="checkText not yet implemented"/>
  </testcase>
  <testcase name="givenValue_whenCount_thenReturnsRandomTurkishText[37]" classname="org.csystem.kotlin.util.StringUtilRandomTextTRTest" time="0.0">
    <skipped message="checkText not yet implemented"/>
  </testcase>
  <testcase name="givenValue_whenCount_thenReturnsRandomTurkishText[38]" classname="org.csystem.kotlin.util.StringUtilRandomTextTRTest" time="0.0">
    <skipped message="checkText not yet implemented"/>
  </testcase>
  <testcase name="givenValue_whenCount_thenReturnsRandomTurkishText[39]" classname="org.csystem.kotlin.util.StringUtilRandomTextTRTest" time="0.0">
    <skipped message="checkText not yet implemented"/>
  </testcase>
  <testcase name="givenValue_whenCount_thenReturnsRandomTurkishText[40]" classname="org.csystem.kotlin.util.StringUtilRandomTextTRTest" time="0.0">
    <skipped message="checkText not yet implemented"/>
  </testcase>
  <testcase name="givenValue_whenCount_thenReturnsRandomTurkishText[41]" classname="org.csystem.kotlin.util.StringUtilRandomTextTRTest" time="0.0">
    <skipped message="checkText not yet implemented"/>
  </testcase>
  <testcase name="givenValue_whenCount_thenReturnsRandomTurkishText[42]" classname="org.csystem.kotlin.util.StringUtilRandomTextTRTest" time="0.0">
    <skipped message="checkText not yet implemented"/>
  </testcase>
  <testcase name="givenValue_whenCount_thenReturnsRandomTurkishText[43]" classname="org.csystem.kotlin.util.StringUtilRandomTextTRTest" time="0.0">
    <skipped message="checkText not yet implemented"/>
  </testcase>
  <testcase name="givenValue_whenCount_thenReturnsRandomTurkishText[44]" classname="org.csystem.kotlin.util.StringUtilRandomTextTRTest" time="0.0">
    <skipped message="checkText not yet implemented"/>
  </testcase>
  <testcase name="givenValue_whenCount_thenReturnsRandomTurkishText[45]" classname="org.csystem.kotlin.util.StringUtilRandomTextTRTest" time="0.0">
    <skipped message="checkText not yet implemented"/>
  </testcase>
  <testcase name="givenValue_whenCount_thenReturnsRandomTurkishText[46]" classname="org.csystem.kotlin.util.StringUtilRandomTextTRTest" time="0.0">
    <skipped message="checkText not yet implemented"/>
  </testcase>
  <testcase name="givenValue_whenCount_thenReturnsRandomTurkishText[47]" classname="org.csystem.kotlin.util.StringUtilRandomTextTRTest" time="0.0">
    <skipped message="checkText not yet implemented"/>
  </testcase>
  <testcase name="givenValue_whenCount_thenReturnsRandomTurkishText[48]" classname="org.csystem.kotlin.util.StringUtilRandomTextTRTest" time="0.0">
    <skipped message="checkText not yet implemented"/>
  </testcase>
  <testcase name="givenValue_whenCount_thenReturnsRandomTurkishText[49]" classname="org.csystem.kotlin.util.StringUtilRandomTextTRTest" time="0.0">
    <skipped message="checkText not yet implemented"/>
  </testcase>
  <testcase name="givenValue_whenCount_thenReturnsRandomTurkishText[50]" classname="org.csystem.kotlin.util.StringUtilRandomTextTRTest" time="0.0">
    <skipped message="checkText not yet implemented"/>
  </testcase>
  <testcase name="givenValue_whenCount_thenReturnsRandomTurkishText[51]" classname="org.csystem.kotlin.util.StringUtilRandomTextTRTest" time="0.0">
    <skipped message="checkText not yet implemented"/>
  </testcase>
  <testcase name="givenValue_whenCount_thenReturnsRandomTurkishText[52]" classname="org.csystem.kotlin.util.StringUtilRandomTextTRTest" time="0.0">
    <skipped message="checkText not yet implemented"/>
  </testcase>
  <testcase name="givenValue_whenCount_thenReturnsRandomTurkishText[53]" classname="org.csystem.kotlin.util.StringUtilRandomTextTRTest" time="0.0">
    <skipped message="checkText not yet implemented"/>
  </testcase>
  <testcase name="givenValue_whenCount_thenReturnsRandomTurkishText[54]" classname="org.csystem.kotlin.util.StringUtilRandomTextTRTest" time="0.0">
    <skipped message="checkText not yet implemented"/>
  </testcase>
  <testcase name="givenValue_whenCount_thenReturnsRandomTurkishText[55]" classname="org.csystem.kotlin.util.StringUtilRandomTextTRTest" time="0.0">
    <skipped message="checkText not yet implemented"/>
  </testcase>
  <testcase name="givenValue_whenCount_thenReturnsRandomTurkishText[56]" classname="org.csystem.kotlin.util.StringUtilRandomTextTRTest" time="0.0">
    <skipped message="checkText not yet implemented"/>
  </testcase>
  <testcase name="givenValue_whenCount_thenReturnsRandomTurkishText[57]" classname="org.csystem.kotlin.util.StringUtilRandomTextTRTest" time="0.0">
    <skipped message="checkText not yet implemented"/>
  </testcase>
  <testcase name="givenValue_whenCount_thenReturnsRandomTurkishText[58]" classname="org.csystem.kotlin.util.StringUtilRandomTextTRTest" time="0.0">
    <skipped message="checkText not yet implemented"/>
  </testcase>
  <testcase name="givenValue_whenCount_thenReturnsRandomTurkishText[59]" classname="org.csystem.kotlin.util.StringUtilRandomTextTRTest" time="0.0">
    <skipped message="checkText not yet implemented"/>
  </testcase>
  <testcase name="givenValue_whenCount_thenReturnsRandomTurkishText[60]" classname="org.csystem.kotlin.util.StringUtilRandomTextTRTest" time="0.0">
    <skipped message="checkText not yet implemented"/>
  </testcase>
  <testcase name="givenValue_whenCount_thenReturnsRandomTurkishText[61]" classname="org.csystem.kotlin.util.StringUtilRandomTextTRTest" time="0.0">
    <skipped message="checkText not yet implemented"/>
  </testcase>
  <testcase name="givenValue_whenCount_thenReturnsRandomTurkishText[62]" classname="org.csystem.kotlin.util.StringUtilRandomTextTRTest" time="0.0">
    <skipped message="checkText not yet implemented"/>
  </testcase>
  <testcase name="givenValue_whenCount_thenReturnsRandomTurkishText[63]" classname="org.csystem.kotlin.util.StringUtilRandomTextTRTest" time="0.0">
    <skipped message="checkText not yet implemented"/>
  </testcase>
  <testcase name="givenValue_whenCount_thenReturnsRandomTurkishText[64]" classname="org.csystem.kotlin.util.StringUtilRandomTextTRTest" time="0.0">
    <skipped message="checkText not yet implemented"/>
  </testcase>
  <testcase name="givenValue_whenCount_thenReturnsRandomTurkishText[65]" classname="org.csystem.kotlin.util.StringUtilRandomTextTRTest" time="0.0">
    <skipped message="checkText not yet implemented"/>
  </testcase>
  <testcase name="givenValue_whenCount_thenReturnsRandomTurkishText[66]" classname="org.csystem.kotlin.util.StringUtilRandomTextTRTest" time="0.0">
    <skipped message="checkText not yet implemented"/>
  </testcase>
  <testcase name="givenValue_whenCount_thenReturnsRandomTurkishText[67]" classname="org.csystem.kotlin.util.StringUtilRandomTextTRTest" time="0.0">
    <skipped message="checkText not yet implemented"/>
  </testcase>
  <testcase name="givenValue_whenCount_thenReturnsRandomTurkishText[68]" classname="org.csystem.kotlin.util.StringUtilRandomTextTRTest" time="0.0">
    <skipped message="checkText not yet implemented"/>
  </testcase>
  <testcase name="givenValue_whenCount_thenReturnsRandomTurkishText[69]" classname="org.csystem.kotlin.util.StringUtilRandomTextTRTest" time="0.0">
    <skipped message="checkText not yet implemented"/>
  </testcase>
  <testcase name="givenValue_whenCount_thenReturnsRandomTurkishText[70]" classname="org.csystem.kotlin.util.StringUtilRandomTextTRTest" time="0.0">
    <skipped message="checkText not yet implemented"/>
  </testcase>
  <testcase name="givenValue_whenCount_thenReturnsRandomTurkishText[71]" classname="org.csystem.kotlin.util.StringUtilRandomTextTRTest" time="0.0">
    <skipped message="checkText not yet implemented"/>
  </testcase>
  <testcase name="givenValue_whenCount_thenReturnsRandomTurkishText[72]" classname="org.csystem.kotlin.util.StringUtilRandomTextTRTest" time="0.0">
    <skipped message="checkText not yet implemented"/>
  </testcase>
  <testcase name="givenValue_whenCount_thenReturnsRandomTurkishText[73]" classname="org.csystem.kotlin.util.StringUtilRandomTextTRTest" time="0.0">
    <skipped message="checkText not yet implemented"/>
  </testcase>
  <testcase name="givenValue_whenCount_thenReturnsRandomTurkishText[74]" classname="org.csystem.kotlin.util.StringUtilRandomTextTRTest" time="0.0">
    <skipped message="checkText not yet implemented"/>
  </testcase>
  <testcase name="givenValue_whenCount_thenReturnsRandomTurkishText[75]" classname="org.csystem.kotlin.util.StringUtilRandomTextTRTest" time="0.0">
    <skipped message="checkText not yet implemented"/>
  </testcase>
  <testcase name="givenValue_whenCount_thenReturnsRandomTurkishText[76]" classname="org.csystem.kotlin.util.StringUtilRandomTextTRTest" time="0.0">
    <skipped message="checkText not yet implemented"/>
  </testcase>
  <testcase name="givenValue_whenCount_thenReturnsRandomTurkishText[77]" classname="org.csystem.kotlin.util.StringUtilRandomTextTRTest" time="0.0">
    <skipped message="checkText not yet implemented"/>
  </testcase>
  <testcase name="givenValue_whenCount_thenReturnsRandomTurkishText[78]" classname="org.csystem.kotlin.util.StringUtilRandomTextTRTest" time="0.0">
    <skipped message="checkText not yet implemented"/>
  </testcase>
  <testcase name="givenValue_whenCount_thenReturnsRandomTurkishText[79]" classname="org.csystem.kotlin.util.StringUtilRandomTextTRTest" time="0.0">
    <skipped message="checkText not yet implemented"/>
  </testcase>
  <testcase name="givenValue_whenCount_thenReturnsRandomTurkishText[80]" classname="org.csystem.kotlin.util.StringUtilRandomTextTRTest" time="0.0">
    <skipped message="checkText not yet implemented"/>
  </testcase>
  <testcase name="givenValue_whenCount_thenReturnsRandomTurkishText[81]" classname="org.csystem.kotlin.util.StringUtilRandomTextTRTest" time="0.0">
    <skipped message="checkText not yet implemented"/>
  </testcase>
  <testcase name="givenValue_whenCount_thenReturnsRandomTurkishText[82]" classname="org.csystem.kotlin.util.StringUtilRandomTextTRTest" time="0.0">
    <skipped message="checkText not yet implemented"/>
  </testcase>
  <testcase name="givenValue_whenCount_thenReturnsRandomTurkishText[83]" classname="org.csystem.kotlin.util.StringUtilRandomTextTRTest" time="0.0">
    <skipped message="checkText not yet implemented"/>
  </testcase>
  <testcase name="givenValue_whenCount_thenReturnsRandomTurkishText[84]" classname="org.csystem.kotlin.util.StringUtilRandomTextTRTest" time="0.0">
    <skipped message="checkText not yet implemented"/>
  </testcase>
  <testcase name="givenValue_whenCount_thenReturnsRandomTurkishText[85]" classname="org.csystem.kotlin.util.StringUtilRandomTextTRTest" time="0.0">
    <skipped message="checkText not yet implemented"/>
  </testcase>
  <testcase name="givenValue_whenCount_thenReturnsRandomTurkishText[86]" classname="org.csystem.kotlin.util.StringUtilRandomTextTRTest" time="0.0">
    <skipped message="checkText not yet implemented"/>
  </testcase>
  <testcase name="givenValue_whenCount_thenReturnsRandomTurkishText[87]" classname="org.csystem.kotlin.util.StringUtilRandomTextTRTest" time="0.0">
    <skipped message="checkText not yet implemented"/>
  </testcase>
  <testcase name="givenValue_whenCount_thenReturnsRandomTurkishText[88]" classname="org.csystem.kotlin.util.StringUtilRandomTextTRTest" time="0.0">
    <skipped message="checkText not yet implemented"/>
  </testcase>
  <testcase name="givenValue_whenCount_thenReturnsRandomTurkishText[89]" classname="org.csystem.kotlin.util.StringUtilRandomTextTRTest" time="0.0">
    <skipped message="checkText not yet implemented"/>
  </testcase>
  <testcase name="givenValue_whenCount_thenReturnsRandomTurkishText[90]" classname="org.csystem.kotlin.util.StringUtilRandomTextTRTest" time="0.0">
    <skipped message="checkText not yet implemented"/>
  </testcase>
  <testcase name="givenValue_whenCount_thenReturnsRandomTurkishText[91]" classname="org.csystem.kotlin.util.StringUtilRandomTextTRTest" time="0.0">
    <skipped message="checkText not yet implemented"/>
  </testcase>
  <testcase name="givenValue_whenCount_thenReturnsRandomTurkishText[92]" classname="org.csystem.kotlin.util.StringUtilRandomTextTRTest" time="0.0">
    <skipped message="checkText not yet implemented"/>
  </testcase>
  <testcase name="givenValue_whenCount_thenReturnsRandomTurkishText[93]" classname="org.csystem.kotlin.util.StringUtilRandomTextTRTest" time="0.0">
    <skipped message="checkText not yet implemented"/>
  </testcase>
  <testcase name="givenValue_whenCount_thenReturnsRandomTurkishText[94]" classname="org.csystem.kotlin.util.StringUtilRandomTextTRTest" time="0.0">
    <skipped message="checkText not yet implemented"/>
  </testcase>
  <testcase name="givenValue_whenCount_thenReturnsRandomTurkishText[95]" classname="org.csystem.kotlin.util.StringUtilRandomTextTRTest" time="0.0">
    <skipped message="checkText not yet implemented"/>
  </testcase>
  <testcase name="givenValue_whenCount_thenReturnsRandomTurkishText[96]" classname="org.csystem.kotlin.util.StringUtilRandomTextTRTest" time="0.0">
    <skipped message="checkText not yet implemented"/>
  </testcase>
  <testcase name="givenValue_whenCount_thenReturnsRandomTurkishText[97]" classname="org.csystem.kotlin.util.StringUtilRandomTextTRTest" time="0.0">
    <skipped message="checkText not yet implemented"/>
  </testcase>
  <testcase name="givenValue_whenCount_thenReturnsRandomTurkishText[98]" classname="org.csystem.kotlin.util.StringUtilRandomTextTRTest" time="0.0">
    <skipped message="checkText not yet implemented"/>
  </testcase>
  <testcase name="givenValue_whenCount_thenReturnsRandomTurkishText[99]" classname="org.csystem.kotlin.util.StringUtilRandomTextTRTest" time="0.0">
    <skipped message="checkText not yet implemented"/>
  </testcase>
</testsuite>